<?xml version="1.0" encoding="UTF-8"?>
<!-- Generated by org.testng.reporters.JUnitXMLReporter -->
<testsuite ignored="0" hostname="ATMECSINDT-080" failures="0" tests="2" name="Default test" time="26.798" errors="0" timestamp="07 Oct 2019 10:09:41 GMT">
  <testcase classname="com.atmecs.konakart.testbase.InvokeBrowser" name="setup" time="19.562"/>
  <testcase classname="com.atmecs.konakart.testscripts.ValidateHomePage" name="validateTabsHomePage" time="7.202"/>
</testsuite> <!-- Default test -->
