<?xml version="1.0" encoding="UTF-8"?>
<testng-results ignored="0" total="2" passed="2" failed="0" skipped="0">
  <reporter-output>
  </reporter-output>
  <suite started-at="2019-10-07T10:09:14Z" name="Default suite" finished-at="2019-10-07T10:09:41Z" duration-ms="26798">
    <groups>
    </groups>
    <test started-at="2019-10-07T10:09:14Z" name="Default test" finished-at="2019-10-07T10:09:41Z" duration-ms="26798">
      <class name="com.atmecs.konakart.testscripts.ValidateHomePage">
        <test-method signature="setup()[pri:1, instance:com.atmecs.konakart.testscripts.ValidateHomePage@7ed7259e]" started-at="2019-10-07T10:09:14Z" name="setup" finished-at="2019-10-07T10:09:33Z" duration-ms="19562" status="PASS">
          <reporter-output>
          </reporter-output>
        </test-method> <!-- setup -->
        <test-method signature="validateTabsHomePage()[pri:2, instance:com.atmecs.konakart.testscripts.ValidateHomePage@7ed7259e]" started-at="2019-10-07T10:09:33Z" name="validateTabsHomePage" finished-at="2019-10-07T10:09:41Z" duration-ms="7202" status="PASS">
          <reporter-output>
          </reporter-output>
        </test-method> <!-- validateTabsHomePage -->
      </class> <!-- com.atmecs.konakart.testscripts.ValidateHomePage -->
    </test> <!-- Default test -->
  </suite> <!-- Default suite -->
</testng-results>
